[2026-04-27T00:31:10.835+0000] {taskinstance.py:1159} INFO - Dependencies all met for dep_context=non-requeueable deps ti=<TaskInstance: etl_clima.transformacion manual__2026-04-27T00:31:06.022172+00:00 [queued]>
[2026-04-27T00:31:10.842+0000] {taskinstance.py:1159} INFO - Dependencies all met for dep_context=requeueable deps ti=<TaskInstance: etl_clima.transformacion manual__2026-04-27T00:31:06.022172+00:00 [queued]>
[2026-04-27T00:31:10.842+0000] {taskinstance.py:1361} INFO - Starting attempt 1 of 1
[2026-04-27T00:31:10.850+0000] {taskinstance.py:1382} INFO - Executing <Task(PythonOperator): transformacion> on 2026-04-27 00:31:06.022172+00:00
[2026-04-27T00:31:10.855+0000] {standard_task_runner.py:57} INFO - Started process 6138 to run task
[2026-04-27T00:31:10.858+0000] {standard_task_runner.py:84} INFO - Running: ['***', 'tasks', 'run', 'etl_clima', 'transformacion', 'manual__2026-04-27T00:31:06.022172+00:00', '--job-id', '7', '--raw', '--subdir', 'DAGS_FOLDER/dag_clima.py', '--cfg-path', '/tmp/tmpft70qkte']
[2026-04-27T00:31:10.858+0000] {standard_task_runner.py:85} INFO - Job 7: Subtask transformacion
[2026-04-27T00:31:10.876+0000] {logging_mixin.py:154} WARNING - /home/***/.local/lib/python3.8/site-packages/***/settings.py:195 DeprecationWarning: The sql_alchemy_conn option in [core] has been moved to the sql_alchemy_conn option in [database] - the old setting has been used, but please update your config.
[2026-04-27T00:31:10.904+0000] {task_command.py:416} INFO - Running <TaskInstance: etl_clima.transformacion manual__2026-04-27T00:31:06.022172+00:00 [running]> on host cdd0ce0ddcd4
[2026-04-27T00:31:10.969+0000] {taskinstance.py:1662} INFO - Exporting env vars: AIRFLOW_CTX_DAG_OWNER='***' AIRFLOW_CTX_DAG_ID='etl_clima' AIRFLOW_CTX_TASK_ID='transformacion' AIRFLOW_CTX_EXECUTION_DATE='2026-04-27T00:31:06.022172+00:00' AIRFLOW_CTX_TRY_NUMBER='1' AIRFLOW_CTX_DAG_RUN_ID='manual__2026-04-27T00:31:06.022172+00:00'
[2026-04-27T00:31:10.970+0000] {taskinstance.py:1937} ERROR - Task failed with exception
Traceback (most recent call last):
  File "/home/airflow/.local/lib/python3.8/site-packages/airflow/operators/python.py", line 192, in execute
    return_value = self.execute_callable()
  File "/home/airflow/.local/lib/python3.8/site-packages/airflow/operators/python.py", line 209, in execute_callable
    return self.python_callable(*self.op_args, **self.op_kwargs)
TypeError: tarea_transformacion() missing 1 required positional argument: 'dat'
[2026-04-27T00:31:10.979+0000] {taskinstance.py:1400} INFO - Marking task as FAILED. dag_id=etl_clima, task_id=transformacion, execution_date=20260427T003106, start_date=20260427T003110, end_date=20260427T003110
[2026-04-27T00:31:10.991+0000] {standard_task_runner.py:104} ERROR - Failed to execute job 7 for task transformacion (tarea_transformacion() missing 1 required positional argument: 'dat'; 6138)
[2026-04-27T00:31:11.030+0000] {local_task_job_runner.py:228} INFO - Task exited with return code 1
[2026-04-27T00:31:11.048+0000] {taskinstance.py:2778} INFO - 0 downstream tasks scheduled from follow-on schedule check
