[2026-04-26T22:51:06.773+0000] {taskinstance.py:1159} INFO - Dependencies all met for dep_context=non-requeueable deps ti=<TaskInstance: etl_clima.transformacion scheduled__2026-04-26T16:45:00+00:00 [queued]>
[2026-04-26T22:51:06.782+0000] {taskinstance.py:1159} INFO - Dependencies all met for dep_context=requeueable deps ti=<TaskInstance: etl_clima.transformacion scheduled__2026-04-26T16:45:00+00:00 [queued]>
[2026-04-26T22:51:06.783+0000] {taskinstance.py:1361} INFO - Starting attempt 1 of 1
[2026-04-26T22:51:06.795+0000] {taskinstance.py:1382} INFO - Executing <Task(PythonOperator): transformacion> on 2026-04-26 16:45:00+00:00
[2026-04-26T22:51:06.802+0000] {standard_task_runner.py:57} INFO - Started process 487 to run task
[2026-04-26T22:51:06.805+0000] {standard_task_runner.py:84} INFO - Running: ['***', 'tasks', 'run', 'etl_clima', 'transformacion', 'scheduled__2026-04-26T16:45:00+00:00', '--job-id', '4', '--raw', '--subdir', 'DAGS_FOLDER/dag_clima.py', '--cfg-path', '/tmp/tmp8c4f0qfd']
[2026-04-26T22:51:06.806+0000] {standard_task_runner.py:85} INFO - Job 4: Subtask transformacion
[2026-04-26T22:51:06.826+0000] {logging_mixin.py:154} WARNING - /home/***/.local/lib/python3.8/site-packages/***/settings.py:195 DeprecationWarning: The sql_alchemy_conn option in [core] has been moved to the sql_alchemy_conn option in [database] - the old setting has been used, but please update your config.
[2026-04-26T22:51:06.869+0000] {task_command.py:416} INFO - Running <TaskInstance: etl_clima.transformacion scheduled__2026-04-26T16:45:00+00:00 [running]> on host cdd0ce0ddcd4
[2026-04-26T22:51:06.942+0000] {taskinstance.py:1662} INFO - Exporting env vars: AIRFLOW_CTX_DAG_OWNER='***' AIRFLOW_CTX_DAG_ID='etl_clima' AIRFLOW_CTX_TASK_ID='transformacion' AIRFLOW_CTX_EXECUTION_DATE='2026-04-26T16:45:00+00:00' AIRFLOW_CTX_TRY_NUMBER='1' AIRFLOW_CTX_DAG_RUN_ID='scheduled__2026-04-26T16:45:00+00:00'
[2026-04-26T22:51:06.943+0000] {taskinstance.py:1937} ERROR - Task failed with exception
Traceback (most recent call last):
  File "/home/airflow/.local/lib/python3.8/site-packages/airflow/operators/python.py", line 192, in execute
    return_value = self.execute_callable()
  File "/home/airflow/.local/lib/python3.8/site-packages/airflow/operators/python.py", line 209, in execute_callable
    return self.python_callable(*self.op_args, **self.op_kwargs)
TypeError: tarea_transformacion() missing 1 required positional argument: 'dat'
[2026-04-26T22:51:06.952+0000] {taskinstance.py:1400} INFO - Marking task as FAILED. dag_id=etl_clima, task_id=transformacion, execution_date=20260426T164500, start_date=20260426T225106, end_date=20260426T225106
[2026-04-26T22:51:06.962+0000] {standard_task_runner.py:104} ERROR - Failed to execute job 4 for task transformacion (tarea_transformacion() missing 1 required positional argument: 'dat'; 487)
[2026-04-26T22:51:06.977+0000] {local_task_job_runner.py:228} INFO - Task exited with return code 1
[2026-04-26T22:51:07.000+0000] {taskinstance.py:2778} INFO - 0 downstream tasks scheduled from follow-on schedule check
