[2026-04-26T22:51:02.296+0000] {taskinstance.py:1159} INFO - Dependencies all met for dep_context=non-requeueable deps ti=<TaskInstance: etl_clima.extraccion scheduled__2026-04-26T16:45:00+00:00 [queued]>
[2026-04-26T22:51:02.302+0000] {taskinstance.py:1159} INFO - Dependencies all met for dep_context=requeueable deps ti=<TaskInstance: etl_clima.extraccion scheduled__2026-04-26T16:45:00+00:00 [queued]>
[2026-04-26T22:51:02.302+0000] {taskinstance.py:1361} INFO - Starting attempt 1 of 1
[2026-04-26T22:51:02.311+0000] {taskinstance.py:1382} INFO - Executing <Task(PythonOperator): extraccion> on 2026-04-26 16:45:00+00:00
[2026-04-26T22:51:02.315+0000] {standard_task_runner.py:57} INFO - Started process 477 to run task
[2026-04-26T22:51:02.318+0000] {standard_task_runner.py:84} INFO - Running: ['***', 'tasks', 'run', 'etl_clima', 'extraccion', 'scheduled__2026-04-26T16:45:00+00:00', '--job-id', '2', '--raw', '--subdir', 'DAGS_FOLDER/dag_clima.py', '--cfg-path', '/tmp/tmpuagy6r7u']
[2026-04-26T22:51:02.320+0000] {standard_task_runner.py:85} INFO - Job 2: Subtask extraccion
[2026-04-26T22:51:02.338+0000] {logging_mixin.py:154} WARNING - /home/***/.local/lib/python3.8/site-packages/***/settings.py:195 DeprecationWarning: The sql_alchemy_conn option in [core] has been moved to the sql_alchemy_conn option in [database] - the old setting has been used, but please update your config.
[2026-04-26T22:51:02.368+0000] {task_command.py:416} INFO - Running <TaskInstance: etl_clima.extraccion scheduled__2026-04-26T16:45:00+00:00 [running]> on host cdd0ce0ddcd4
[2026-04-26T22:51:02.434+0000] {taskinstance.py:1662} INFO - Exporting env vars: AIRFLOW_CTX_DAG_OWNER='***' AIRFLOW_CTX_DAG_ID='etl_clima' AIRFLOW_CTX_TASK_ID='extraccion' AIRFLOW_CTX_EXECUTION_DATE='2026-04-26T16:45:00+00:00' AIRFLOW_CTX_TRY_NUMBER='1' AIRFLOW_CTX_DAG_RUN_ID='scheduled__2026-04-26T16:45:00+00:00'
[2026-04-26T22:51:03.229+0000] {python.py:194} INFO - Done. Returned value was:                  time  temperature_2m  precipitation
0    2026-04-17T00:00            26.4            0.0
1    2026-04-17T01:00            25.6            0.0
2    2026-04-17T02:00            23.5            0.0
3    2026-04-17T03:00            22.5            0.0
4    2026-04-17T04:00            21.9            0.0
..                ...             ...            ...
163  2026-04-23T19:00            23.7            0.0
164  2026-04-23T20:00            24.8            0.0
165  2026-04-23T21:00            25.5            0.0
166  2026-04-23T22:00            25.5            0.1
167  2026-04-23T23:00            25.0            0.0

[168 rows x 3 columns]
[2026-04-26T22:51:03.325+0000] {taskinstance.py:1400} INFO - Marking task as SUCCESS. dag_id=etl_clima, task_id=extraccion, execution_date=20260426T164500, start_date=20260426T225102, end_date=20260426T225103
[2026-04-26T22:51:03.379+0000] {local_task_job_runner.py:228} INFO - Task exited with return code 0
[2026-04-26T22:51:03.408+0000] {taskinstance.py:2778} INFO - 1 downstream tasks scheduled from follow-on schedule check
